mode: set
github.com/cuimingda/denv-cli/cmd/install.go:11.37,30.52 2 1
github.com/cuimingda/denv-cli/cmd/install.go:30.52,35.18 4 1
github.com/cuimingda/denv-cli/cmd/install.go:35.18,37.5 1 0
github.com/cuimingda/denv-cli/cmd/install.go:39.4,39.14 1 1
github.com/cuimingda/denv-cli/cmd/install.go:39.14,40.42 1 1
github.com/cuimingda/denv-cli/cmd/install.go:40.42,41.92 1 1
github.com/cuimingda/denv-cli/cmd/install.go:41.92,43.7 1 0
github.com/cuimingda/denv-cli/cmd/install.go:45.5,45.15 1 1
github.com/cuimingda/denv-cli/cmd/install.go:48.4,48.41 1 1
github.com/cuimingda/denv-cli/cmd/install.go:48.41,49.77 1 1
github.com/cuimingda/denv-cli/cmd/install.go:49.77,51.6 1 0
github.com/cuimingda/denv-cli/cmd/install.go:54.4,55.17 2 1
github.com/cuimingda/denv-cli/cmd/install.go:59.2,61.12 3 1
github.com/cuimingda/denv-cli/cmd/install.go:64.59,66.46 2 1
github.com/cuimingda/denv-cli/cmd/install.go:66.46,68.17 2 1
github.com/cuimingda/denv-cli/cmd/install.go:68.17,70.4 1 1
github.com/cuimingda/denv-cli/cmd/install.go:71.3,71.46 1 1
github.com/cuimingda/denv-cli/cmd/install.go:73.2,73.24 1 1
github.com/cuimingda/denv-cli/cmd/install.go:76.83,77.18 1 1
github.com/cuimingda/denv-cli/cmd/install.go:78.14,79.43 1 1
github.com/cuimingda/denv-cli/cmd/install.go:80.13,81.42 1 1
github.com/cuimingda/denv-cli/cmd/install.go:82.17,83.46 1 1
github.com/cuimingda/denv-cli/cmd/install.go:84.12,85.41 1 1
github.com/cuimingda/denv-cli/cmd/install.go:86.14,87.43 1 1
github.com/cuimingda/denv-cli/cmd/install.go:88.13,89.42 1 1
github.com/cuimingda/denv-cli/cmd/install.go:90.16,91.45 1 1
github.com/cuimingda/denv-cli/cmd/install.go:92.14,93.43 1 1
github.com/cuimingda/denv-cli/cmd/install.go:94.12,95.41 1 1
github.com/cuimingda/denv-cli/cmd/install.go:96.10,97.59 1 1
github.com/cuimingda/denv-cli/cmd/install.go:101.63,102.24 1 1
github.com/cuimingda/denv-cli/cmd/install.go:102.24,104.3 1 0
github.com/cuimingda/denv-cli/cmd/install.go:105.2,105.73 1 1
github.com/cuimingda/denv-cli/cmd/install.go:105.73,107.3 1 1
github.com/cuimingda/denv-cli/cmd/install.go:108.2,108.43 1 1
github.com/cuimingda/denv-cli/cmd/install.go:111.62,112.24 1 1
github.com/cuimingda/denv-cli/cmd/install.go:112.24,114.3 1 1
github.com/cuimingda/denv-cli/cmd/install.go:115.2,115.41 1 1
github.com/cuimingda/denv-cli/cmd/install.go:115.41,117.3 1 1
github.com/cuimingda/denv-cli/cmd/install.go:118.2,118.42 1 1
github.com/cuimingda/denv-cli/cmd/install.go:121.66,122.24 1 1
github.com/cuimingda/denv-cli/cmd/install.go:122.24,124.3 1 0
github.com/cuimingda/denv-cli/cmd/install.go:126.2,126.45 1 1
github.com/cuimingda/denv-cli/cmd/install.go:126.45,128.3 1 1
github.com/cuimingda/denv-cli/cmd/install.go:130.2,130.12 1 1
github.com/cuimingda/denv-cli/cmd/install.go:130.12,132.17 2 1
github.com/cuimingda/denv-cli/cmd/install.go:132.17,134.4 1 0
github.com/cuimingda/denv-cli/cmd/install.go:135.3,135.16 1 1
github.com/cuimingda/denv-cli/cmd/install.go:135.16,137.4 1 0
github.com/cuimingda/denv-cli/cmd/install.go:140.2,140.46 1 1
github.com/cuimingda/denv-cli/cmd/install.go:143.61,144.24 1 1
github.com/cuimingda/denv-cli/cmd/install.go:144.24,146.3 1 0
github.com/cuimingda/denv-cli/cmd/install.go:147.2,147.40 1 1
github.com/cuimingda/denv-cli/cmd/install.go:147.40,149.3 1 1
github.com/cuimingda/denv-cli/cmd/install.go:150.2,150.41 1 1
github.com/cuimingda/denv-cli/cmd/install.go:153.63,154.24 1 1
github.com/cuimingda/denv-cli/cmd/install.go:154.24,156.3 1 0
github.com/cuimingda/denv-cli/cmd/install.go:157.2,157.42 1 1
github.com/cuimingda/denv-cli/cmd/install.go:157.42,159.3 1 1
github.com/cuimingda/denv-cli/cmd/install.go:160.2,160.69 1 1
github.com/cuimingda/denv-cli/cmd/install.go:163.62,164.24 1 1
github.com/cuimingda/denv-cli/cmd/install.go:164.24,166.3 1 0
github.com/cuimingda/denv-cli/cmd/install.go:167.2,167.41 1 1
github.com/cuimingda/denv-cli/cmd/install.go:167.41,169.3 1 1
github.com/cuimingda/denv-cli/cmd/install.go:170.2,170.42 1 1
github.com/cuimingda/denv-cli/cmd/install.go:173.65,174.24 1 1
github.com/cuimingda/denv-cli/cmd/install.go:174.24,176.3 1 0
github.com/cuimingda/denv-cli/cmd/install.go:177.2,177.44 1 1
github.com/cuimingda/denv-cli/cmd/install.go:177.44,179.3 1 1
github.com/cuimingda/denv-cli/cmd/install.go:180.2,180.45 1 1
github.com/cuimingda/denv-cli/cmd/install.go:183.63,184.24 1 1
github.com/cuimingda/denv-cli/cmd/install.go:184.24,186.3 1 0
github.com/cuimingda/denv-cli/cmd/install.go:187.2,187.42 1 1
github.com/cuimingda/denv-cli/cmd/install.go:187.42,189.3 1 1
github.com/cuimingda/denv-cli/cmd/install.go:190.2,190.43 1 1
github.com/cuimingda/denv-cli/cmd/install.go:193.61,194.24 1 1
github.com/cuimingda/denv-cli/cmd/install.go:194.24,196.3 1 0
github.com/cuimingda/denv-cli/cmd/install.go:197.2,197.40 1 1
github.com/cuimingda/denv-cli/cmd/install.go:197.40,199.3 1 1
github.com/cuimingda/denv-cli/cmd/install.go:200.2,200.41 1 1
github.com/cuimingda/denv-cli/cmd/install.go:203.58,205.20 2 1
github.com/cuimingda/denv-cli/cmd/install.go:205.20,207.3 1 1
github.com/cuimingda/denv-cli/cmd/install.go:208.2,208.59 1 1
github.com/cuimingda/denv-cli/cmd/list.go:18.34,22.58 1 1
github.com/cuimingda/denv-cli/cmd/list.go:22.58,26.105 3 1
github.com/cuimingda/denv-cli/cmd/list.go:26.105,27.28 1 1
github.com/cuimingda/denv-cli/cmd/list.go:27.28,29.18 1 1
github.com/cuimingda/denv-cli/cmd/list.go:31.17,32.32 2 1
github.com/cuimingda/denv-cli/cmd/list.go:32.32,34.18 1 1
github.com/cuimingda/denv-cli/cmd/list.go:35.17,35.29 1 1
github.com/cuimingda/denv-cli/cmd/list.go:35.29,36.36 1 1
github.com/cuimingda/denv-cli/cmd/list.go:36.36,38.22 1 1
github.com/cuimingda/denv-cli/cmd/list.go:38.27,40.22 1 1
github.com/cuimingda/denv-cli/cmd/list.go:43.17,43.60 1 1
github.com/cuimingda/denv-cli/cmd/list.go:46.13,46.51 1 1
github.com/cuimingda/denv-cli/cmd/list.go:46.51,53.36 6 1
github.com/cuimingda/denv-cli/cmd/list.go:53.36,55.18 1 0
github.com/cuimingda/denv-cli/cmd/list.go:57.17,57.30 1 1
github.com/cuimingda/denv-cli/cmd/list.go:57.30,60.18 2 1
github.com/cuimingda/denv-cli/cmd/list.go:60.23,62.18 1 1
github.com/cuimingda/denv-cli/cmd/list.go:64.17,64.44 1 1
github.com/cuimingda/denv-cli/cmd/list.go:64.44,65.92 1 1
github.com/cuimingda/denv-cli/cmd/list.go:65.92,67.22 1 1
github.com/cuimingda/denv-cli/cmd/list.go:67.27,69.22 1 0
github.com/cuimingda/denv-cli/cmd/list.go:72.17,72.46 1 1
github.com/cuimingda/denv-cli/cmd/list.go:72.46,74.58 2 1
github.com/cuimingda/denv-cli/cmd/list.go:74.58,75.36 1 0
github.com/cuimingda/denv-cli/cmd/list.go:75.36,77.26 1 0
github.com/cuimingda/denv-cli/cmd/list.go:77.31,79.26 1 0
github.com/cuimingda/denv-cli/cmd/list.go:81.21,81.91 1 1
github.com/cuimingda/denv-cli/cmd/list.go:81.91,83.22 1 0
github.com/cuimingda/denv-cli/cmd/list.go:84.21,84.29 1 1
github.com/cuimingda/denv-cli/cmd/list.go:87.17,88.54 2 1
github.com/cuimingda/denv-cli/cmd/list.go:88.54,89.32 1 0
github.com/cuimingda/denv-cli/cmd/list.go:89.32,91.22 1 0
github.com/cuimingda/denv-cli/cmd/list.go:91.27,93.22 1 0
github.com/cuimingda/denv-cli/cmd/list.go:96.17,97.94 2 1
github.com/cuimingda/denv-cli/cmd/list.go:97.94,99.36 2 0
github.com/cuimingda/denv-cli/cmd/list.go:99.36,101.71 2 0
github.com/cuimingda/denv-cli/cmd/list.go:101.71,104.52 3 0
github.com/cuimingda/denv-cli/cmd/list.go:104.52,106.30 1 0
github.com/cuimingda/denv-cli/cmd/list.go:106.35,108.30 1 0
github.com/cuimingda/denv-cli/cmd/list.go:109.29,109.60 1 0
github.com/cuimingda/denv-cli/cmd/list.go:111.27,112.48 1 0
github.com/cuimingda/denv-cli/cmd/list.go:112.48,114.26 1 0
github.com/cuimingda/denv-cli/cmd/list.go:114.31,116.26 1 0
github.com/cuimingda/denv-cli/cmd/list.go:120.17,121.33 2 1
github.com/cuimingda/denv-cli/cmd/list.go:121.33,123.18 1 1
github.com/cuimingda/denv-cli/cmd/list.go:125.17,125.80 1 1
github.com/cuimingda/denv-cli/cmd/list.go:125.80,127.18 1 0
github.com/cuimingda/denv-cli/cmd/list.go:129.13,129.23 1 1
github.com/cuimingda/denv-cli/cmd/list.go:133.5,135.15 3 1
github.com/cuimingda/denv-cli/cmd/list.go:138.41,141.2 2 1
github.com/cuimingda/denv-cli/cmd/list.go:143.39,145.2 1 1
github.com/cuimingda/denv-cli/cmd/list.go:147.49,149.2 1 1
github.com/cuimingda/denv-cli/cmd/outdated.go:11.38,15.58 1 1
github.com/cuimingda/denv-cli/cmd/outdated.go:15.58,16.51 1 1
github.com/cuimingda/denv-cli/cmd/outdated.go:16.51,18.31 2 1
github.com/cuimingda/denv-cli/cmd/outdated.go:18.31,20.18 1 0
github.com/cuimingda/denv-cli/cmd/outdated.go:22.17,22.31 1 1
github.com/cuimingda/denv-cli/cmd/outdated.go:22.31,24.35 2 1
github.com/cuimingda/denv-cli/cmd/outdated.go:24.35,25.141 1 1
github.com/cuimingda/denv-cli/cmd/outdated.go:25.141,27.26 1 0
github.com/cuimingda/denv-cli/cmd/outdated.go:28.25,28.33 1 1
github.com/cuimingda/denv-cli/cmd/outdated.go:30.21,30.135 1 1
github.com/cuimingda/denv-cli/cmd/outdated.go:30.135,32.22 1 0
github.com/cuimingda/denv-cli/cmd/outdated.go:33.21,33.29 1 1
github.com/cuimingda/denv-cli/cmd/outdated.go:36.17,37.31 2 1
github.com/cuimingda/denv-cli/cmd/outdated.go:37.31,38.138 1 0
github.com/cuimingda/denv-cli/cmd/outdated.go:38.138,40.22 1 0
github.com/cuimingda/denv-cli/cmd/outdated.go:41.21,41.29 1 0
github.com/cuimingda/denv-cli/cmd/outdated.go:44.17,45.31 2 1
github.com/cuimingda/denv-cli/cmd/outdated.go:45.31,46.137 1 0
github.com/cuimingda/denv-cli/cmd/outdated.go:46.137,48.22 1 0
github.com/cuimingda/denv-cli/cmd/outdated.go:49.21,49.29 1 0
github.com/cuimingda/denv-cli/cmd/outdated.go:52.17,52.53 1 1
github.com/cuimingda/denv-cli/cmd/outdated.go:52.53,54.58 2 1
github.com/cuimingda/denv-cli/cmd/outdated.go:54.58,56.22 1 0
github.com/cuimingda/denv-cli/cmd/outdated.go:57.21,57.140 1 1
github.com/cuimingda/denv-cli/cmd/outdated.go:57.140,59.22 1 0
github.com/cuimingda/denv-cli/cmd/outdated.go:60.21,60.29 1 1
github.com/cuimingda/denv-cli/cmd/outdated.go:63.17,64.54 2 1
github.com/cuimingda/denv-cli/cmd/outdated.go:64.54,66.18 1 0
github.com/cuimingda/denv-cli/cmd/outdated.go:67.17,67.123 1 1
github.com/cuimingda/denv-cli/cmd/outdated.go:67.123,69.18 1 0
github.com/cuimingda/denv-cli/cmd/outdated.go:71.13,71.23 1 1
github.com/cuimingda/denv-cli/cmd/outdated.go:76.53,77.22 1 1
github.com/cuimingda/denv-cli/cmd/outdated.go:77.22,79.6 1 1
github.com/cuimingda/denv-cli/cmd/outdated.go:81.5,82.12 2 1
github.com/cuimingda/denv-cli/cmd/outdated.go:82.12,84.6 1 0
github.com/cuimingda/denv-cli/cmd/outdated.go:85.5,85.44 1 1
github.com/cuimingda/denv-cli/cmd/outdated.go:88.62,90.19 2 1
github.com/cuimingda/denv-cli/cmd/outdated.go:90.19,92.6 1 0
github.com/cuimingda/denv-cli/cmd/outdated.go:93.5,93.42 1 1
github.com/cuimingda/denv-cli/cmd/outdated.go:96.60,108.60 3 1
github.com/cuimingda/denv-cli/cmd/outdated.go:108.60,109.38 1 1
github.com/cuimingda/denv-cli/cmd/outdated.go:109.38,111.65 2 1
github.com/cuimingda/denv-cli/cmd/outdated.go:111.65,113.14 1 1
github.com/cuimingda/denv-cli/cmd/outdated.go:114.13,114.29 1 1
github.com/cuimingda/denv-cli/cmd/outdated.go:114.29,116.14 1 1
github.com/cuimingda/denv-cli/cmd/outdated.go:120.5,126.57 2 1
github.com/cuimingda/denv-cli/cmd/outdated.go:126.57,127.59 1 0
github.com/cuimingda/denv-cli/cmd/outdated.go:127.59,129.10 1 0
github.com/cuimingda/denv-cli/cmd/outdated.go:132.5,132.58 1 1
github.com/cuimingda/denv-cli/cmd/outdated.go:135.47,137.19 2 1
github.com/cuimingda/denv-cli/cmd/outdated.go:137.19,139.6 1 0
github.com/cuimingda/denv-cli/cmd/outdated.go:141.5,141.42 1 1
github.com/cuimingda/denv-cli/cmd/outdated.go:144.53,160.2 3 1
github.com/cuimingda/denv-cli/cmd/outdated.go:162.53,167.34 4 1
github.com/cuimingda/denv-cli/cmd/outdated.go:167.34,169.6 1 1
github.com/cuimingda/denv-cli/cmd/outdated.go:171.5,171.36 1 1
github.com/cuimingda/denv-cli/cmd/outdated.go:171.36,173.6 1 1
github.com/cuimingda/denv-cli/cmd/outdated.go:174.5,174.35 1 1
github.com/cuimingda/denv-cli/cmd/outdated.go:174.35,176.6 1 1
github.com/cuimingda/denv-cli/cmd/outdated.go:178.5,178.33 1 1
github.com/cuimingda/denv-cli/cmd/outdated.go:178.33,179.45 1 1
github.com/cuimingda/denv-cli/cmd/outdated.go:179.45,181.10 1 1
github.com/cuimingda/denv-cli/cmd/outdated.go:182.9,182.45 1 1
github.com/cuimingda/denv-cli/cmd/outdated.go:182.45,184.10 1 1
github.com/cuimingda/denv-cli/cmd/outdated.go:187.5,187.13 1 1
github.com/cuimingda/denv-cli/cmd/outdated.go:190.46,191.61 1 1
github.com/cuimingda/denv-cli/cmd/outdated.go:191.61,193.6 1 1
github.com/cuimingda/denv-cli/cmd/outdated.go:195.5,196.34 2 1
github.com/cuimingda/denv-cli/cmd/outdated.go:196.34,198.41 2 1
github.com/cuimingda/denv-cli/cmd/outdated.go:198.41,199.49 1 1
github.com/cuimingda/denv-cli/cmd/outdated.go:199.49,201.22 2 0
github.com/cuimingda/denv-cli/cmd/outdated.go:203.13,203.47 1 1
github.com/cuimingda/denv-cli/cmd/outdated.go:205.9,205.22 1 1
github.com/cuimingda/denv-cli/cmd/outdated.go:205.22,207.10 1 1
github.com/cuimingda/denv-cli/cmd/outdated.go:209.5,209.17 1 1
github.com/cuimingda/denv-cli/cmd/root.go:9.34,14.51 1 1
github.com/cuimingda/denv-cli/cmd/root.go:14.51,16.10 1 0
github.com/cuimingda/denv-cli/cmd/root.go:19.5,24.19 5 1
github.com/cuimingda/denv-cli/cmd/tools.go:39.73,41.6 1 1
github.com/cuimingda/denv-cli/cmd/tools.go:42.86,47.6 4 0
github.com/cuimingda/denv-cli/cmd/tools.go:81.43,84.2 2 1
github.com/cuimingda/denv-cli/cmd/tools.go:86.110,88.19 2 1
github.com/cuimingda/denv-cli/cmd/tools.go:88.19,90.6 1 1
github.com/cuimingda/denv-cli/cmd/tools.go:92.5,93.12 2 1
github.com/cuimingda/denv-cli/cmd/tools.go:93.12,95.6 1 0
github.com/cuimingda/denv-cli/cmd/tools.go:97.5,98.25 2 1
github.com/cuimingda/denv-cli/cmd/tools.go:98.25,100.6 1 0
github.com/cuimingda/denv-cli/cmd/tools.go:102.5,102.25 1 1
github.com/cuimingda/denv-cli/cmd/tools.go:102.25,104.6 1 1
github.com/cuimingda/denv-cli/cmd/tools.go:106.5,107.23 2 1
github.com/cuimingda/denv-cli/cmd/tools.go:107.23,109.6 1 0
github.com/cuimingda/denv-cli/cmd/tools.go:111.5,111.23 1 1
github.com/cuimingda/denv-cli/cmd/tools.go:111.23,113.6 1 1
github.com/cuimingda/denv-cli/cmd/tools.go:115.5,115.70 1 1
github.com/cuimingda/denv-cli/cmd/tools.go:118.67,120.19 2 1
github.com/cuimingda/denv-cli/cmd/tools.go:120.19,122.6 1 0
github.com/cuimingda/denv-cli/cmd/tools.go:124.5,125.21 2 1
github.com/cuimingda/denv-cli/cmd/tools.go:125.21,127.6 1 1
github.com/cuimingda/denv-cli/cmd/tools.go:129.5,129.55 1 1
github.com/cuimingda/denv-cli/cmd/tools.go:132.42,133.50 1 1
github.com/cuimingda/denv-cli/cmd/tools.go:133.50,135.6 1 1
github.com/cuimingda/denv-cli/cmd/tools.go:136.5,136.16 1 0
github.com/cuimingda/denv-cli/cmd/tools.go:139.42,140.43 1 1
github.com/cuimingda/denv-cli/cmd/tools.go:140.43,141.25 1 1
github.com/cuimingda/denv-cli/cmd/tools.go:141.25,143.10 1 1
github.com/cuimingda/denv-cli/cmd/tools.go:145.5,145.17 1 1
github.com/cuimingda/denv-cli/cmd/tools.go:148.32,152.2 3 1
github.com/cuimingda/denv-cli/cmd/tools.go:154.34,158.2 3 1
github.com/cuimingda/denv-cli/cmd/tools.go:160.47,162.2 1 1
github.com/cuimingda/denv-cli/cmd/tools.go:164.47,166.2 1 1
github.com/cuimingda/denv-cli/cmd/tools.go:168.68,170.19 2 1
github.com/cuimingda/denv-cli/cmd/tools.go:170.19,172.6 1 1
github.com/cuimingda/denv-cli/cmd/tools.go:174.5,174.49 1 1
github.com/cuimingda/denv-cli/cmd/tools.go:174.49,176.6 1 0
github.com/cuimingda/denv-cli/cmd/tools.go:178.5,178.57 1 1
github.com/cuimingda/denv-cli/cmd/tools.go:181.58,182.22 1 1
github.com/cuimingda/denv-cli/cmd/tools.go:182.22,184.6 1 0
github.com/cuimingda/denv-cli/cmd/tools.go:186.5,187.12 2 1
github.com/cuimingda/denv-cli/cmd/tools.go:187.12,189.6 1 0
github.com/cuimingda/denv-cli/cmd/tools.go:191.5,191.44 1 1
github.com/cuimingda/denv-cli/cmd/tools.go:194.58,196.12 2 1
github.com/cuimingda/denv-cli/cmd/tools.go:196.12,198.6 1 0
github.com/cuimingda/denv-cli/cmd/tools.go:200.5,201.19 2 1
github.com/cuimingda/denv-cli/cmd/tools.go:201.19,203.6 1 1
github.com/cuimingda/denv-cli/cmd/tools.go:205.5,205.42 1 1
github.com/cuimingda/denv-cli/cmd/tools.go:208.75,210.12 2 1
github.com/cuimingda/denv-cli/cmd/tools.go:210.12,212.6 1 0
github.com/cuimingda/denv-cli/cmd/tools.go:214.5,215.19 2 1
github.com/cuimingda/denv-cli/cmd/tools.go:215.19,217.6 1 0
github.com/cuimingda/denv-cli/cmd/tools.go:219.5,219.42 1 1
github.com/cuimingda/denv-cli/cmd/tools.go:222.62,224.19 2 1
github.com/cuimingda/denv-cli/cmd/tools.go:224.19,226.29 2 1
github.com/cuimingda/denv-cli/cmd/tools.go:226.29,228.66 2 1
github.com/cuimingda/denv-cli/cmd/tools.go:228.66,230.84 2 1
github.com/cuimingda/denv-cli/cmd/tools.go:230.84,231.29 1 1
github.com/cuimingda/denv-cli/cmd/tools.go:234.17,235.37 2 1
github.com/cuimingda/denv-cli/cmd/tools.go:235.37,236.29 1 0
github.com/cuimingda/denv-cli/cmd/tools.go:238.17,238.86 1 1
github.com/cuimingda/denv-cli/cmd/tools.go:238.86,239.29 1 0
github.com/cuimingda/denv-cli/cmd/tools.go:242.17,244.40 3 1
github.com/cuimingda/denv-cli/cmd/tools.go:244.40,245.29 1 0
github.com/cuimingda/denv-cli/cmd/tools.go:247.17,248.36 2 1
github.com/cuimingda/denv-cli/cmd/tools.go:248.36,249.29 1 0
github.com/cuimingda/denv-cli/cmd/tools.go:251.17,253.69 2 1
github.com/cuimingda/denv-cli/cmd/tools.go:253.69,255.18 1 1
github.com/cuimingda/denv-cli/cmd/tools.go:257.13,257.38 1 0
github.com/cuimingda/denv-cli/cmd/tools.go:257.38,259.14 1 0
github.com/cuimingda/denv-cli/cmd/tools.go:263.5,264.19 2 1
github.com/cuimingda/denv-cli/cmd/tools.go:264.19,265.92 1 0
github.com/cuimingda/denv-cli/cmd/tools.go:265.92,267.10 1 0
github.com/cuimingda/denv-cli/cmd/tools.go:268.9,268.59 1 0
github.com/cuimingda/denv-cli/cmd/tools.go:271.5,286.60 3 1
github.com/cuimingda/denv-cli/cmd/tools.go:286.60,287.38 1 1
github.com/cuimingda/denv-cli/cmd/tools.go:287.38,289.54 2 1
github.com/cuimingda/denv-cli/cmd/tools.go:289.54,290.66 1 1
github.com/cuimingda/denv-cli/cmd/tools.go:290.66,292.18 1 1
github.com/cuimingda/denv-cli/cmd/tools.go:295.13,296.49 2 0
github.com/cuimingda/denv-cli/cmd/tools.go:296.49,298.14 1 0
github.com/cuimingda/denv-cli/cmd/tools.go:299.13,299.29 1 0
github.com/cuimingda/denv-cli/cmd/tools.go:299.29,301.14 1 0
github.com/cuimingda/denv-cli/cmd/tools.go:305.5,305.68 1 0
github.com/cuimingda/denv-cli/cmd/tools.go:308.49,310.40 2 1
github.com/cuimingda/denv-cli/cmd/tools.go:310.40,311.54 1 1
github.com/cuimingda/denv-cli/cmd/tools.go:311.54,313.10 1 1
github.com/cuimingda/denv-cli/cmd/tools.go:315.5,315.46 1 1
github.com/cuimingda/denv-cli/cmd/tools.go:318.29,320.2 1 1
github.com/cuimingda/denv-cli/cmd/tools.go:322.59,324.19 2 1
github.com/cuimingda/denv-cli/cmd/tools.go:324.19,326.23 2 1
github.com/cuimingda/denv-cli/cmd/tools.go:326.23,328.10 1 1
github.com/cuimingda/denv-cli/cmd/tools.go:329.9,329.50 1 0
github.com/cuimingda/denv-cli/cmd/tools.go:329.50,331.10 1 0
github.com/cuimingda/denv-cli/cmd/tools.go:332.9,332.49 1 0
github.com/cuimingda/denv-cli/cmd/tools.go:332.49,334.10 1 0
github.com/cuimingda/denv-cli/cmd/tools.go:337.5,337.81 1 1
github.com/cuimingda/denv-cli/cmd/tools.go:337.81,338.47 1 1
github.com/cuimingda/denv-cli/cmd/tools.go:338.47,340.10 1 1
github.com/cuimingda/denv-cli/cmd/tools.go:342.5,342.22 1 1
github.com/cuimingda/denv-cli/cmd/tools.go:345.26,346.27 1 1
github.com/cuimingda/denv-cli/cmd/tools.go:346.27,348.6 1 0
github.com/cuimingda/denv-cli/cmd/tools.go:350.5,350.64 1 1
github.com/cuimingda/denv-cli/cmd/tools.go:350.64,352.6 1 1
github.com/cuimingda/denv-cli/cmd/tools.go:354.5,354.71 1 1
github.com/cuimingda/denv-cli/cmd/tools.go:354.71,356.6 1 0
github.com/cuimingda/denv-cli/cmd/tools.go:358.5,358.15 1 1
github.com/cuimingda/denv-cli/cmd/tools.go:361.61,362.27 1 1
github.com/cuimingda/denv-cli/cmd/tools.go:362.27,364.6 1 1
github.com/cuimingda/denv-cli/cmd/tools.go:366.5,366.76 1 1
github.com/cuimingda/denv-cli/cmd/tools.go:366.76,368.6 1 1
github.com/cuimingda/denv-cli/cmd/tools.go:370.5,370.83 1 1
github.com/cuimingda/denv-cli/cmd/tools.go:370.83,372.6 1 0
github.com/cuimingda/denv-cli/cmd/tools.go:374.5,374.15 1 1
github.com/cuimingda/denv-cli/cmd/tools.go:377.25,378.27 1 1
github.com/cuimingda/denv-cli/cmd/tools.go:378.27,380.6 1 0
github.com/cuimingda/denv-cli/cmd/tools.go:382.5,382.34 1 1
github.com/cuimingda/denv-cli/cmd/tools.go:382.34,384.6 1 1
github.com/cuimingda/denv-cli/cmd/tools.go:386.5,386.70 1 1
github.com/cuimingda/denv-cli/cmd/tools.go:386.70,388.6 1 0
github.com/cuimingda/denv-cli/cmd/tools.go:390.5,390.15 1 1
github.com/cuimingda/denv-cli/cmd/tools.go:393.60,394.27 1 1
github.com/cuimingda/denv-cli/cmd/tools.go:394.27,396.6 1 0
github.com/cuimingda/denv-cli/cmd/tools.go:398.5,398.44 1 1
github.com/cuimingda/denv-cli/cmd/tools.go:398.44,400.6 1 1
github.com/cuimingda/denv-cli/cmd/tools.go:402.5,402.82 1 1
github.com/cuimingda/denv-cli/cmd/tools.go:402.82,404.6 1 1
github.com/cuimingda/denv-cli/cmd/tools.go:406.5,406.15 1 1
github.com/cuimingda/denv-cli/cmd/tools.go:409.29,410.27 1 1
github.com/cuimingda/denv-cli/cmd/tools.go:410.27,412.6 1 0
github.com/cuimingda/denv-cli/cmd/tools.go:414.5,415.19 2 1
github.com/cuimingda/denv-cli/cmd/tools.go:415.19,417.6 1 0
github.com/cuimingda/denv-cli/cmd/tools.go:418.5,418.18 1 1
github.com/cuimingda/denv-cli/cmd/tools.go:418.18,420.6 1 0
github.com/cuimingda/denv-cli/cmd/tools.go:422.5,422.74 1 1
github.com/cuimingda/denv-cli/cmd/tools.go:422.74,424.6 1 0
github.com/cuimingda/denv-cli/cmd/tools.go:426.5,426.15 1 1
github.com/cuimingda/denv-cli/cmd/tools.go:429.64,430.27 1 1
github.com/cuimingda/denv-cli/cmd/tools.go:430.27,432.6 1 0
github.com/cuimingda/denv-cli/cmd/tools.go:434.5,434.15 1 1
github.com/cuimingda/denv-cli/cmd/tools.go:434.15,436.23 2 1
github.com/cuimingda/denv-cli/cmd/tools.go:436.23,438.10 1 0
github.com/cuimingda/denv-cli/cmd/tools.go:439.9,439.22 1 1
github.com/cuimingda/denv-cli/cmd/tools.go:439.22,441.10 1 1
github.com/cuimingda/denv-cli/cmd/tools.go:444.5,444.86 1 1
github.com/cuimingda/denv-cli/cmd/tools.go:444.86,446.6 1 0
github.com/cuimingda/denv-cli/cmd/tools.go:448.5,448.15 1 1
github.com/cuimingda/denv-cli/cmd/tools.go:451.24,452.27 1 1
github.com/cuimingda/denv-cli/cmd/tools.go:452.27,454.6 1 0
github.com/cuimingda/denv-cli/cmd/tools.go:456.5,456.33 1 1
github.com/cuimingda/denv-cli/cmd/tools.go:456.33,458.6 1 0
github.com/cuimingda/denv-cli/cmd/tools.go:460.5,460.69 1 1
github.com/cuimingda/denv-cli/cmd/tools.go:460.69,462.6 1 0
github.com/cuimingda/denv-cli/cmd/tools.go:464.5,464.15 1 1
github.com/cuimingda/denv-cli/cmd/tools.go:467.59,468.27 1 1
github.com/cuimingda/denv-cli/cmd/tools.go:468.27,470.6 1 0
github.com/cuimingda/denv-cli/cmd/tools.go:472.5,472.43 1 1
github.com/cuimingda/denv-cli/cmd/tools.go:472.43,474.6 1 0
github.com/cuimingda/denv-cli/cmd/tools.go:476.5,476.81 1 1
github.com/cuimingda/denv-cli/cmd/tools.go:476.81,478.6 1 0
github.com/cuimingda/denv-cli/cmd/tools.go:480.5,480.15 1 1
github.com/cuimingda/denv-cli/cmd/tools.go:483.37,484.17 1 1
github.com/cuimingda/denv-cli/cmd/tools.go:485.17,486.29 1 1
github.com/cuimingda/denv-cli/cmd/tools.go:487.16,488.28 1 0
github.com/cuimingda/denv-cli/cmd/tools.go:489.20,490.32 1 0
github.com/cuimingda/denv-cli/cmd/tools.go:491.15,492.27 1 0
github.com/cuimingda/denv-cli/cmd/tools.go:493.17,494.29 1 0
github.com/cuimingda/denv-cli/cmd/tools.go:495.16,496.28 1 0
github.com/cuimingda/denv-cli/cmd/tools.go:497.19,498.31 1 0
github.com/cuimingda/denv-cli/cmd/tools.go:499.17,500.29 1 0
github.com/cuimingda/denv-cli/cmd/tools.go:501.15,502.27 1 0
github.com/cuimingda/denv-cli/cmd/tools.go:503.13,504.56 1 1
github.com/cuimingda/denv-cli/cmd/tools.go:508.26,509.27 1 1
github.com/cuimingda/denv-cli/cmd/tools.go:509.27,511.6 1 0
github.com/cuimingda/denv-cli/cmd/tools.go:513.5,513.35 1 1
github.com/cuimingda/denv-cli/cmd/tools.go:513.35,515.6 1 1
github.com/cuimingda/denv-cli/cmd/tools.go:517.5,517.71 1 0
github.com/cuimingda/denv-cli/cmd/tools.go:517.71,519.6 1 0
github.com/cuimingda/denv-cli/cmd/tools.go:521.5,521.79 1 0
github.com/cuimingda/denv-cli/cmd/tools.go:521.79,523.6 1 0
github.com/cuimingda/denv-cli/cmd/tools.go:525.5,525.15 1 0
github.com/cuimingda/denv-cli/cmd/tools.go:528.61,529.27 1 1
github.com/cuimingda/denv-cli/cmd/tools.go:529.27,531.6 1 0
github.com/cuimingda/denv-cli/cmd/tools.go:533.5,533.45 1 1
github.com/cuimingda/denv-cli/cmd/tools.go:533.45,535.6 1 0
github.com/cuimingda/denv-cli/cmd/tools.go:537.5,537.83 1 1
github.com/cuimingda/denv-cli/cmd/tools.go:537.83,539.6 1 0
github.com/cuimingda/denv-cli/cmd/tools.go:541.5,541.91 1 1
github.com/cuimingda/denv-cli/cmd/tools.go:541.91,543.6 1 0
github.com/cuimingda/denv-cli/cmd/tools.go:545.5,545.15 1 1
github.com/cuimingda/denv-cli/cmd/tools.go:548.25,549.27 1 1
github.com/cuimingda/denv-cli/cmd/tools.go:549.27,551.6 1 0
github.com/cuimingda/denv-cli/cmd/tools.go:553.5,553.34 1 1
github.com/cuimingda/denv-cli/cmd/tools.go:553.34,555.6 1 1
github.com/cuimingda/denv-cli/cmd/tools.go:557.5,557.70 1 1
github.com/cuimingda/denv-cli/cmd/tools.go:557.70,559.6 1 0
github.com/cuimingda/denv-cli/cmd/tools.go:561.5,561.15 1 1
github.com/cuimingda/denv-cli/cmd/tools.go:564.60,565.27 1 1
github.com/cuimingda/denv-cli/cmd/tools.go:565.27,567.6 1 0
github.com/cuimingda/denv-cli/cmd/tools.go:569.5,569.44 1 1
github.com/cuimingda/denv-cli/cmd/tools.go:569.44,571.6 1 0
github.com/cuimingda/denv-cli/cmd/tools.go:573.5,573.82 1 1
github.com/cuimingda/denv-cli/cmd/tools.go:573.82,575.6 1 0
github.com/cuimingda/denv-cli/cmd/tools.go:577.5,577.15 1 1
github.com/cuimingda/denv-cli/cmd/tools.go:580.28,581.27 1 1
github.com/cuimingda/denv-cli/cmd/tools.go:581.27,583.6 1 0
github.com/cuimingda/denv-cli/cmd/tools.go:585.5,585.37 1 1
github.com/cuimingda/denv-cli/cmd/tools.go:585.37,587.6 1 0
github.com/cuimingda/denv-cli/cmd/tools.go:589.5,589.73 1 1
github.com/cuimingda/denv-cli/cmd/tools.go:589.73,591.6 1 0
github.com/cuimingda/denv-cli/cmd/tools.go:593.5,593.15 1 1
github.com/cuimingda/denv-cli/cmd/tools.go:596.63,597.27 1 1
github.com/cuimingda/denv-cli/cmd/tools.go:597.27,599.6 1 0
github.com/cuimingda/denv-cli/cmd/tools.go:601.5,601.47 1 1
github.com/cuimingda/denv-cli/cmd/tools.go:601.47,603.6 1 0
github.com/cuimingda/denv-cli/cmd/tools.go:605.5,605.85 1 1
github.com/cuimingda/denv-cli/cmd/tools.go:605.85,607.6 1 0
github.com/cuimingda/denv-cli/cmd/tools.go:609.5,609.15 1 1
github.com/cuimingda/denv-cli/cmd/tools.go:612.26,613.27 1 1
github.com/cuimingda/denv-cli/cmd/tools.go:613.27,615.6 1 0
github.com/cuimingda/denv-cli/cmd/tools.go:617.5,617.35 1 1
github.com/cuimingda/denv-cli/cmd/tools.go:617.35,619.6 1 0
github.com/cuimingda/denv-cli/cmd/tools.go:621.5,621.71 1 1
github.com/cuimingda/denv-cli/cmd/tools.go:621.71,623.6 1 0
github.com/cuimingda/denv-cli/cmd/tools.go:625.5,625.15 1 1
github.com/cuimingda/denv-cli/cmd/tools.go:628.61,629.27 1 1
github.com/cuimingda/denv-cli/cmd/tools.go:629.27,631.6 1 0
github.com/cuimingda/denv-cli/cmd/tools.go:633.5,633.45 1 1
github.com/cuimingda/denv-cli/cmd/tools.go:633.45,635.6 1 0
github.com/cuimingda/denv-cli/cmd/tools.go:637.5,637.83 1 1
github.com/cuimingda/denv-cli/cmd/tools.go:637.83,639.6 1 0
github.com/cuimingda/denv-cli/cmd/tools.go:641.5,641.15 1 1
github.com/cuimingda/denv-cli/cmd/tools.go:644.24,645.27 1 1
github.com/cuimingda/denv-cli/cmd/tools.go:645.27,647.6 1 0
github.com/cuimingda/denv-cli/cmd/tools.go:649.5,649.33 1 1
github.com/cuimingda/denv-cli/cmd/tools.go:649.33,651.6 1 1
github.com/cuimingda/denv-cli/cmd/tools.go:653.5,653.69 1 1
github.com/cuimingda/denv-cli/cmd/tools.go:653.69,655.6 1 0
github.com/cuimingda/denv-cli/cmd/tools.go:657.5,657.15 1 1
github.com/cuimingda/denv-cli/cmd/tools.go:660.59,661.27 1 1
github.com/cuimingda/denv-cli/cmd/tools.go:661.27,663.6 1 0
github.com/cuimingda/denv-cli/cmd/tools.go:665.5,665.43 1 1
github.com/cuimingda/denv-cli/cmd/tools.go:665.43,667.6 1 0
github.com/cuimingda/denv-cli/cmd/tools.go:669.5,669.81 1 1
github.com/cuimingda/denv-cli/cmd/tools.go:669.81,671.6 1 0
github.com/cuimingda/denv-cli/cmd/tools.go:673.5,673.15 1 1
github.com/cuimingda/denv-cli/cmd/tools.go:676.61,678.19 2 1
github.com/cuimingda/denv-cli/cmd/tools.go:678.19,680.6 1 0
github.com/cuimingda/denv-cli/cmd/tools.go:681.5,681.19 1 1
github.com/cuimingda/denv-cli/cmd/tools.go:681.19,683.6 1 0
github.com/cuimingda/denv-cli/cmd/tools.go:685.5,685.22 1 1
github.com/cuimingda/denv-cli/cmd/tools.go:685.22,686.98 1 0
github.com/cuimingda/denv-cli/cmd/tools.go:686.98,688.10 1 0
github.com/cuimingda/denv-cli/cmd/tools.go:689.9,689.19 1 0
github.com/cuimingda/denv-cli/cmd/tools.go:692.5,692.27 1 1
github.com/cuimingda/denv-cli/cmd/tools.go:692.27,694.5 1 0
github.com/cuimingda/denv-cli/cmd/tools.go:696.5,697.12 2 1
github.com/cuimingda/denv-cli/cmd/tools.go:697.12,699.6 1 0
github.com/cuimingda/denv-cli/cmd/tools.go:701.5,701.84 1 1
github.com/cuimingda/denv-cli/cmd/tools.go:701.84,703.6 1 0
github.com/cuimingda/denv-cli/cmd/tools.go:704.5,704.15 1 1
github.com/cuimingda/denv-cli/cmd/update.go:9.36,13.52 1 1
github.com/cuimingda/denv-cli/cmd/update.go:13.52,15.42 2 1
github.com/cuimingda/denv-cli/cmd/update.go:15.42,17.19 2 1
github.com/cuimingda/denv-cli/cmd/update.go:17.19,19.6 1 0
github.com/cuimingda/denv-cli/cmd/update.go:20.5,20.19 1 1
github.com/cuimingda/denv-cli/cmd/update.go:20.19,21.14 1 1
github.com/cuimingda/denv-cli/cmd/update.go:24.4,25.19 2 1
github.com/cuimingda/denv-cli/cmd/update.go:25.19,27.6 1 0
github.com/cuimingda/denv-cli/cmd/update.go:29.5,30.19 2 1
github.com/cuimingda/denv-cli/cmd/update.go:30.19,32.6 1 0
github.com/cuimingda/denv-cli/cmd/update.go:34.5,34.41 1 1
github.com/cuimingda/denv-cli/cmd/update.go:34.41,35.74 1 1
github.com/cuimingda/denv-cli/cmd/update.go:35.74,37.7 1 0
github.com/cuimingda/denv-cli/cmd/update.go:38.6,38.20 1 1
github.com/cuimingda/denv-cli/cmd/update.go:42.4,42.16 1 1
github.com/cuimingda/denv-cli/cmd/update.go:42.16,45.5 2 1
github.com/cuimingda/denv-cli/cmd/update.go:47.4,48.14 2 1
